<?xml version="1.0" encoding="UTF-8"?>
<!-- Generated by org.testng.reporters.JUnitReportReporter -->
<testsuite skipped="0" hostname="Pushpa" name="com.testngframework.TestCase7" tests="5" failures="0" timestamp="07 Feb 2018 17:01:50 GMT" time="0.006" errors="0">
  <testcase name="tc8" time="0.001" classname="com.testngframework.TestCase7"/>
  <testcase name="tc10" time="0.001" classname="com.testngframework.TestCase7"/>
  <testcase name="tc9" time="0.001" classname="com.testngframework.TestCase7"/>
  <testcase name="tc6" time="0.002" classname="com.testngframework.TestCase7"/>
  <testcase name="tc7" time="0.001" classname="com.testngframework.TestCase7"/>
</testsuite> <!-- com.testngframework.TestCase7 -->
