<?xml version="1.0" encoding="UTF-8"?>
<!-- Generated by org.testng.reporters.JUnitReportReporter -->
<testsuite skipped="0" hostname="Pushpa" name="com.testngframework.SampleTestCase3" tests="5" failures="0" timestamp="31 Jan 2018 17:23:40 GMT" time="99.371" errors="0">
  <testcase name="signin" time="18.302" classname="com.testngframework.SampleTestCase3"/>
  <testcase name="deals" time="20.726" classname="com.testngframework.SampleTestCase3"/>
  <testcase name="pay" time="18.200" classname="com.testngframework.SampleTestCase3"/>
  <testcase name="sell" time="21.809" classname="com.testngframework.SampleTestCase3"/>
  <testcase name="help" time="20.334" classname="com.testngframework.SampleTestCase3"/>
</testsuite> <!-- com.testngframework.SampleTestCase3 -->
