<?xml version="1.0" encoding="UTF-8"?>
<!-- Generated by org.testng.reporters.JUnitReportReporter -->
<testsuite skipped="0" hostname="Pushpa" name="com.testngframework.TestCase3" tests="4" failures="0" timestamp="06 Feb 2018 20:40:35 GMT" time="0.023" errors="0">
  <testcase name="checkUser" time="0.009" classname="com.testngframework.TestCase3"/>
  <testcase name="createUser" time="0.003" classname="com.testngframework.TestCase3"/>
  <testcase name="editUser" time="0.009" classname="com.testngframework.TestCase3"/>
  <testcase name="deleteUser" time="0.002" classname="com.testngframework.TestCase3"/>
</testsuite> <!-- com.testngframework.TestCase3 -->
