<?xml version="1.0" encoding="UTF-8"?>
<!-- Generated by org.testng.reporters.JUnitReportReporter -->
<testsuite skipped="0" hostname="Pushpa" name="com.testngframework.TestCase2" tests="4" failures="0" timestamp="06 Feb 2018 20:39:43 GMT" time="0.008" errors="0">
  <testcase name="checkUser" time="0.005" classname="com.testngframework.TestCase2"/>
  <testcase name="createUser" time="0.001" classname="com.testngframework.TestCase2"/>
  <testcase name="editUser" time="0.001" classname="com.testngframework.TestCase2"/>
  <testcase name="deleteUser" time="0.001" classname="com.testngframework.TestCase2"/>
</testsuite> <!-- com.testngframework.TestCase2 -->
