<?xml version="1.0" encoding="UTF-8"?>
<!-- Generated by org.testng.reporters.JUnitReportReporter -->
<testsuite skipped="0" hostname="Pushpa" name="com.testngframework.TestCase2" tests="1" failures="0" timestamp="06 Feb 2018 20:47:14 GMT" time="0.001" errors="0">
  <testcase name="checkUser" time="0.001" classname="com.testngframework.TestCase2"/>
</testsuite> <!-- com.testngframework.TestCase2 -->
