<?xml version="1.0" encoding="UTF-8"?>
<!-- Generated by org.testng.reporters.JUnitReportReporter -->
<testsuite skipped="0" hostname="Pushpa" name="com.testngframework.SampleTestCase7" tests="6" failures="0" timestamp="05 Feb 2018 21:28:50 GMT" time="51.345" errors="0">
  <testcase name="webApp6" time="5.557" classname="com.testngframework.SampleTestCase7"/>
  <testcase name="webApp3" time="4.999" classname="com.testngframework.SampleTestCase7"/>
  <testcase name="webApp5" time="23.502" classname="com.testngframework.SampleTestCase7"/>
  <testcase name="webApp2" time="5.711" classname="com.testngframework.SampleTestCase7"/>
  <testcase name="webApp1" time="5.229" classname="com.testngframework.SampleTestCase7"/>
  <testcase name="webApp4" time="6.347" classname="com.testngframework.SampleTestCase7"/>
</testsuite> <!-- com.testngframework.SampleTestCase7 -->
