<?xml version="1.0" encoding="UTF-8"?>
<!-- Generated by org.testng.reporters.JUnitReportReporter -->
<testsuite skipped="0" hostname="Pushpa" name="com.testngframework.TestCase4" tests="4" failures="0" timestamp="06 Feb 2018 21:06:01 GMT" time="0.006" errors="0">
  <testcase name="deleteUser" time="0.001" classname="com.testngframework.TestCase4"/>
  <testcase name="createUser" time="0.001" classname="com.testngframework.TestCase4"/>
  <testcase name="editUser" time="0.001" classname="com.testngframework.TestCase4"/>
  <testcase name="checkUser" time="0.003" classname="com.testngframework.TestCase4"/>
</testsuite> <!-- com.testngframework.TestCase4 -->
