<?xml version="1.0" encoding="UTF-8"?>
<!-- Generated by org.testng.reporters.JUnitReportReporter -->
<testsuite skipped="0" hostname="Pushpa" name="com.testngframework.SampleTestCase1" tests="1" failures="0" timestamp="30 Jan 2018 22:11:41 GMT" time="23.734" errors="0">
  <testcase name="titleCheck" time="23.734" classname="com.testngframework.SampleTestCase1"/>
</testsuite> <!-- com.testngframework.SampleTestCase1 -->
