<?xml version="1.0" encoding="UTF-8"?>
<!-- Generated by org.testng.reporters.JUnitReportReporter -->
<testsuite skipped="0" hostname="Pushpa" name="com.testngframework.SampleTestCase6" tests="6" failures="0" timestamp="05 Feb 2018 21:11:42 GMT" time="127.215" errors="0">
  <testcase name="webApp6" time="21.700" classname="com.testngframework.SampleTestCase6"/>
  <testcase name="webApp3" time="25.458" classname="com.testngframework.SampleTestCase6"/>
  <testcase name="webApp5" time="22.759" classname="com.testngframework.SampleTestCase6"/>
  <testcase name="webApp2" time="16.491" classname="com.testngframework.SampleTestCase6"/>
  <testcase name="webApp1" time="20.101" classname="com.testngframework.SampleTestCase6"/>
  <testcase name="webApp4" time="20.706" classname="com.testngframework.SampleTestCase6"/>
</testsuite> <!-- com.testngframework.SampleTestCase6 -->
