<?xml version="1.0" encoding="UTF-8"?>
<!-- Generated by org.testng.reporters.JUnitReportReporter -->
<testsuite skipped="0" hostname="Pushpa" name="com.testngframework.SampleTestCase4" tests="6" failures="0" timestamp="31 Jan 2018 18:47:34 GMT" time="102.859" errors="0">
  <testcase name="sell" time="15.771" classname="com.testngframework.SampleTestCase4"/>
  <testcase name="giftCards" time="16.031" classname="com.testngframework.SampleTestCase4"/>
  <testcase name="registry" time="15.965" classname="com.testngframework.SampleTestCase4"/>
  <testcase name="help" time="17.288" classname="com.testngframework.SampleTestCase4"/>
  <testcase name="deals" time="18.752" classname="com.testngframework.SampleTestCase4"/>
  <testcase name="signin" time="19.052" classname="com.testngframework.SampleTestCase4"/>
</testsuite> <!-- com.testngframework.SampleTestCase4 -->
