<?xml version="1.0" encoding="UTF-8"?>
<!-- Generated by org.testng.reporters.JUnitReportReporter -->
<testsuite skipped="0" hostname="Pushpa" name="com.datadriventesting.ddt3" tests="10" failures="0" timestamp="12 Feb 2018 22:04:31 GMT" time="0.034" errors="0">
  <testcase name="sum" time="0.008" classname="com.datadriventesting.ddt3"/>
  <testcase name="sum" time="0.002" classname="com.datadriventesting.ddt3"/>
  <testcase name="sum" time="0.004" classname="com.datadriventesting.ddt3"/>
  <testcase name="sum" time="0.008" classname="com.datadriventesting.ddt3"/>
  <testcase name="sum" time="0.003" classname="com.datadriventesting.ddt3"/>
  <testcase name="sum" time="0.004" classname="com.datadriventesting.ddt3"/>
  <testcase name="sum" time="0.001" classname="com.datadriventesting.ddt3"/>
  <testcase name="sum" time="0.001" classname="com.datadriventesting.ddt3"/>
  <testcase name="sum" time="0.001" classname="com.datadriventesting.ddt3"/>
  <testcase name="sum" time="0.002" classname="com.datadriventesting.ddt3"/>
</testsuite> <!-- com.datadriventesting.ddt3 -->
