<?xml version="1.0" encoding="UTF-8"?>
<!-- Generated by org.testng.reporters.JUnitReportReporter -->
<testsuite skipped="0" hostname="Pushpa" name="com.testngframework.TestCase6" tests="5" failures="0" timestamp="07 Feb 2018 17:01:51 GMT" time="0.017" errors="0">
  <testcase name="tc3" time="0.002" classname="com.testngframework.TestCase6"/>
  <testcase name="tc4" time="0.002" classname="com.testngframework.TestCase6"/>
  <testcase name="tc2" time="0.002" classname="com.testngframework.TestCase6"/>
  <testcase name="tc5" time="0.002" classname="com.testngframework.TestCase6"/>
  <testcase name="tc1" time="0.009" classname="com.testngframework.TestCase6"/>
</testsuite> <!-- com.testngframework.TestCase6 -->
